0 info it worked if it ends with ok
1 verbose cli [ 'node', '/usr/local/bin/npm', 'start' ]
2 info using npm@3.10.5
3 info using node@v0.10.25
4 verbose node symlink /usr/bin/node
5 verbose run-script [ 'prestart', 'start', 'poststart' ]
6 info lifecycle wstest-p3@0.0.3~prestart: wstest-p3@0.0.3
7 silly lifecycle wstest-p3@0.0.3~prestart: no script for prestart, continuing
8 info lifecycle wstest-p3@0.0.3~start: wstest-p3@0.0.3
9 verbose lifecycle wstest-p3@0.0.3~start: unsafe-perm in lifecycle true
10 verbose lifecycle wstest-p3@0.0.3~start: PATH: /usr/local/lib/node_modules/npm/bin/node-gyp-bin:/var/www/photon/webocket-hack-p3/node_modules/.bin:/usr/bin:/usr/local/sbin:/usr/local/bin:/usr/sbin:/usr/bin:/sbin:/bin
11 verbose lifecycle wstest-p3@0.0.3~start: CWD: /var/www/photon/webocket-hack-p3
12 silly lifecycle wstest-p3@0.0.3~start: Args: [ '-c', 'node server.js' ]
13 silly lifecycle wstest-p3@0.0.3~start: Returned: code: 143  signal: null
14 info lifecycle wstest-p3@0.0.3~start: Failed to exec start script
15 verbose stack Error: wstest-p3@0.0.3 start: `node server.js`
15 verbose stack Exit status 143
15 verbose stack     at EventEmitter.<anonymous> (/usr/local/lib/node_modules/npm/lib/utils/lifecycle.js:242:16)
15 verbose stack     at EventEmitter.emit (events.js:98:17)
15 verbose stack     at ChildProcess.<anonymous> (/usr/local/lib/node_modules/npm/lib/utils/spawn.js:40:14)
15 verbose stack     at ChildProcess.EventEmitter.emit (events.js:98:17)
15 verbose stack     at maybeClose (child_process.js:743:16)
15 verbose stack     at Process.ChildProcess._handle.onexit (child_process.js:810:5)
16 verbose pkgid wstest-p3@0.0.3
17 verbose cwd /var/www/photon/webocket-hack-p3
18 error Linux 3.13.0-48-generic
19 error argv "node" "/usr/local/bin/npm" "start"
20 error node v0.10.25
21 error npm  v3.10.5
22 error code ELIFECYCLE
23 error wstest-p3@0.0.3 start: `node server.js`
23 error Exit status 143
24 error Failed at the wstest-p3@0.0.3 start script 'node server.js'.
24 error Make sure you have the latest version of node.js and npm installed.
24 error If you do, this is most likely a problem with the wstest-p3 package,
24 error not with npm itself.
24 error Tell the author that this fails on your system:
24 error     node server.js
24 error You can get information on how to open an issue for this project with:
24 error     npm bugs wstest-p3
24 error Or if that isn't available, you can get their info via:
24 error     npm owner ls wstest-p3
24 error There is likely additional logging output above.
25 verbose exit [ 1, true ]
